<?xml version="1.0" encoding="UTF-8"?>
<!-- Generated by org.testng.reporters.JUnitReportReporter -->
<testsuite hostname="DESKTOP-Q69MLOF" name="TestDefinistionLayer.TestCase_AddProductInWishlist" tests="1" failures="0" timestamp="11 Aug 2019 14:16:58 GMT" time="22.805" errors="0">
  <testcase name="AddProductInWishlist" time="22.805" classname="TestDefinistionLayer.TestCase_AddProductInWishlist"/>
</testsuite> <!-- TestDefinistionLayer.TestCase_AddProductInWishlist -->
